{
  "/Users/user/Projects/card-validator-api/src/app.ts": {
    "path": "/Users/user/Projects/card-validator-api/src/app.ts",
    "statementMap": {
      "0": {
        "start": { "line": 1, "column": 0 },
        "end": { "line": 1, "column": 30 }
      },
      "1": {
        "start": { "line": 2, "column": 0 },
        "end": { "line": 2, "column": 79 }
      },
      "2": {
        "start": { "line": 3, "column": 0 },
        "end": { "line": 3, "column": 46 }
      },
      "3": {
        "start": { "line": 5, "column": 12 },
        "end": { "line": 5, "column": 21 }
      },
      "4": {
        "start": { "line": 7, "column": 0 },
        "end": { "line": 7, "column": 24 }
      },
      "5": {
        "start": { "line": 8, "column": 0 },
        "end": { "line": 8, "column": 37 }
      },
      "6": {
        "start": { "line": 10, "column": 0 },
        "end": { "line": 12, "column": 3 }
      },
      "7": {
        "start": { "line": 11, "column": 2 },
        "end": { "line": 11, "column": 41 }
      },
      "8": {
        "start": { "line": 14, "column": 0 },
        "end": { "line": 14, "column": 25 }
      },
      "9": {
        "start": { "line": 16, "column": 0 },
        "end": { "line": 16, "column": 22 }
      },
      "10": {
        "start": { "line": 18, "column": 0 },
        "end": { "line": 18, "column": 19 }
      }
    },
    "fnMap": {
      "0": {
        "name": "(anonymous_1)",
        "decl": {
          "start": { "line": 10, "column": 26 },
          "end": { "line": 10, "column": 27 }
        },
        "loc": {
          "start": { "line": 10, "column": 39 },
          "end": { "line": 12, "column": 1 }
        }
      }
    },
    "branchMap": {},
    "s": {
      "0": 1,
      "1": 1,
      "2": 1,
      "3": 1,
      "4": 1,
      "5": 1,
      "6": 1,
      "7": 1,
      "8": 1,
      "9": 1,
      "10": 1
    },
    "f": { "0": 1 },
    "b": {}
  },
  "/Users/user/Projects/card-validator-api/src/controllers/card.controller.ts": {
    "path": "/Users/user/Projects/card-validator-api/src/controllers/card.controller.ts",
    "statementMap": {
      "0": {
        "start": { "line": 2, "column": 0 },
        "end": { "line": 2, "column": 56 }
      },
      "1": {
        "start": { "line": 18, "column": 36 },
        "end": { "line": 65, "column": 1 }
      },
      "2": {
        "start": { "line": 19, "column": 15 },
        "end": { "line": 19, "column": 50 }
      },
      "3": {
        "start": { "line": 22, "column": 2 },
        "end": { "line": 32, "column": 3 }
      },
      "4": {
        "start": { "line": 23, "column": 43 },
        "end": { "line": 29, "column": 6 }
      },
      "5": {
        "start": { "line": 30, "column": 4 },
        "end": { "line": 30, "column": 35 }
      },
      "6": {
        "start": { "line": 31, "column": 4 },
        "end": { "line": 31, "column": 11 }
      },
      "7": {
        "start": { "line": 34, "column": 25 },
        "end": { "line": 34, "column": 29 }
      },
      "8": {
        "start": { "line": 37, "column": 2 },
        "end": { "line": 47, "column": 3 }
      },
      "9": {
        "start": { "line": 38, "column": 43 },
        "end": { "line": 44, "column": 6 }
      },
      "10": {
        "start": { "line": 45, "column": 4 },
        "end": { "line": 45, "column": 35 }
      },
      "11": {
        "start": { "line": 46, "column": 4 },
        "end": { "line": 46, "column": 11 }
      },
      "12": {
        "start": { "line": 49, "column": 17 },
        "end": { "line": 49, "column": 41 }
      },
      "13": {
        "start": { "line": 51, "column": 41 },
        "end": { "line": 59, "column": 4 }
      },
      "14": {
        "start": { "line": 64, "column": 2 },
        "end": { "line": 64, "column": 33 }
      },
      "15": {
        "start": { "line": 18, "column": 13 },
        "end": { "line": 18, "column": 36 }
      }
    },
    "fnMap": {
      "0": {
        "name": "(anonymous_0)",
        "decl": {
          "start": { "line": 18, "column": 36 },
          "end": { "line": 18, "column": 37 }
        },
        "loc": {
          "start": { "line": 18, "column": 74 },
          "end": { "line": 65, "column": 1 }
        }
      }
    },
    "branchMap": {
      "0": {
        "loc": {
          "start": { "line": 22, "column": 2 },
          "end": { "line": 32, "column": 3 }
        },
        "type": "if",
        "locations": [
          {
            "start": { "line": 22, "column": 2 },
            "end": { "line": 32, "column": 3 }
          }
        ]
      },
      "1": {
        "loc": {
          "start": { "line": 22, "column": 6 },
          "end": { "line": 22, "column": 38 }
        },
        "type": "binary-expr",
        "locations": [
          {
            "start": { "line": 22, "column": 6 },
            "end": { "line": 22, "column": 11 }
          },
          {
            "start": { "line": 22, "column": 15 },
            "end": { "line": 22, "column": 38 }
          }
        ]
      },
      "2": {
        "loc": {
          "start": { "line": 37, "column": 2 },
          "end": { "line": 47, "column": 3 }
        },
        "type": "if",
        "locations": [
          {
            "start": { "line": 37, "column": 2 },
            "end": { "line": 47, "column": 3 }
          }
        ]
      },
      "3": {
        "loc": {
          "start": { "line": 37, "column": 6 },
          "end": { "line": 37, "column": 64 }
        },
        "type": "binary-expr",
        "locations": [
          {
            "start": { "line": 37, "column": 6 },
            "end": { "line": 37, "column": 36 }
          },
          {
            "start": { "line": 37, "column": 40 },
            "end": { "line": 37, "column": 64 }
          }
        ]
      }
    },
    "s": {
      "0": 1,
      "1": 1,
      "2": 11,
      "3": 11,
      "4": 2,
      "5": 2,
      "6": 2,
      "7": 9,
      "8": 9,
      "9": 3,
      "10": 3,
      "11": 3,
      "12": 6,
      "13": 6,
      "14": 6,
      "15": 1
    },
    "f": { "0": 11 },
    "b": { "0": [2], "1": [11, 11], "2": [3], "3": [9, 7] }
  },
  "/Users/user/Projects/card-validator-api/src/middlewares/error.middleware.ts": {
    "path": "/Users/user/Projects/card-validator-api/src/middlewares/error.middleware.ts",
    "statementMap": {
      "0": {
        "start": { "line": 5, "column": 28 },
        "end": { "line": 27, "column": 1 }
      },
      "1": {
        "start": { "line": 6, "column": 2 },
        "end": { "line": 6, "column": 39 }
      },
      "2": {
        "start": { "line": 9, "column": 2 },
        "end": { "line": 17, "column": 3 }
      },
      "3": {
        "start": { "line": 10, "column": 4 },
        "end": { "line": 16, "column": 7 }
      },
      "4": {
        "start": { "line": 20, "column": 2 },
        "end": { "line": 26, "column": 5 }
      },
      "5": {
        "start": { "line": 5, "column": 13 },
        "end": { "line": 5, "column": 28 }
      },
      "6": {
        "start": { "line": 30, "column": 31 },
        "end": { "line": 38, "column": 1 }
      },
      "7": {
        "start": { "line": 31, "column": 2 },
        "end": { "line": 37, "column": 5 }
      },
      "8": {
        "start": { "line": 30, "column": 13 },
        "end": { "line": 30, "column": 31 }
      }
    },
    "fnMap": {
      "0": {
        "name": "(anonymous_0)",
        "decl": {
          "start": { "line": 5, "column": 28 },
          "end": { "line": 5, "column": 29 }
        },
        "loc": {
          "start": { "line": 5, "column": 92 },
          "end": { "line": 27, "column": 1 }
        }
      },
      "1": {
        "name": "(anonymous_1)",
        "decl": {
          "start": { "line": 30, "column": 31 },
          "end": { "line": 30, "column": 32 }
        },
        "loc": {
          "start": { "line": 30, "column": 63 },
          "end": { "line": 38, "column": 1 }
        }
      }
    },
    "branchMap": {
      "0": {
        "loc": {
          "start": { "line": 9, "column": 2 },
          "end": { "line": 17, "column": 3 }
        },
        "type": "if",
        "locations": [
          {
            "start": { "line": 9, "column": 2 },
            "end": { "line": 17, "column": 3 }
          }
        ]
      }
    },
    "s": {
      "0": 1,
      "1": 0,
      "2": 0,
      "3": 0,
      "4": 0,
      "5": 1,
      "6": 1,
      "7": 1,
      "8": 1
    },
    "f": { "0": 0, "1": 1 },
    "b": { "0": [0] }
  },
  "/Users/user/Projects/card-validator-api/src/routes/card.routes.ts": {
    "path": "/Users/user/Projects/card-validator-api/src/routes/card.routes.ts",
    "statementMap": {
      "0": {
        "start": { "line": 1, "column": 0 },
        "end": { "line": 1, "column": 33 }
      },
      "1": {
        "start": { "line": 2, "column": 0 },
        "end": { "line": 2, "column": 70 }
      },
      "2": {
        "start": { "line": 4, "column": 15 },
        "end": { "line": 4, "column": 23 }
      },
      "3": {
        "start": { "line": 6, "column": 0 },
        "end": { "line": 6, "column": 47 }
      },
      "4": {
        "start": { "line": 8, "column": 0 },
        "end": { "line": 8, "column": 22 }
      }
    },
    "fnMap": {},
    "branchMap": {},
    "s": { "0": 1, "1": 1, "2": 1, "3": 1, "4": 1 },
    "f": {},
    "b": {}
  },
  "/Users/user/Projects/card-validator-api/src/services/card.service.ts": {
    "path": "/Users/user/Projects/card-validator-api/src/services/card.service.ts",
    "statementMap": {
      "0": {
        "start": { "line": 22, "column": 0 },
        "end": { "line": 22, "column": 16 }
      },
      "1": {
        "start": { "line": 15, "column": 0 },
        "end": { "line": 15, "column": 44 }
      },
      "2": {
        "start": { "line": 16, "column": 0 },
        "end": { "line": 16, "column": 49 }
      },
      "3": {
        "start": { "line": 19, "column": 25 },
        "end": { "line": 19, "column": 33 }
      },
      "4": {
        "start": { "line": 20, "column": 27 },
        "end": { "line": 20, "column": 34 }
      },
      "5": {
        "start": { "line": 23, "column": 20 },
        "end": { "line": 23, "column": 58 }
      },
      "6": {
        "start": { "line": 26, "column": 2 },
        "end": { "line": 34, "column": 3 }
      },
      "7": {
        "start": { "line": 27, "column": 4 },
        "end": { "line": 33, "column": 6 }
      },
      "8": {
        "start": { "line": 36, "column": 17 },
        "end": { "line": 36, "column": 33 }
      },
      "9": {
        "start": { "line": 39, "column": 2 },
        "end": { "line": 47, "column": 3 }
      },
      "10": {
        "start": { "line": 40, "column": 4 },
        "end": { "line": 46, "column": 6 }
      },
      "11": {
        "start": { "line": 49, "column": 21 },
        "end": { "line": 49, "column": 43 }
      },
      "12": {
        "start": { "line": 50, "column": 19 },
        "end": { "line": 50, "column": 44 }
      },
      "13": {
        "start": { "line": 52, "column": 2 },
        "end": { "line": 60, "column": 4 }
      }
    },
    "fnMap": {
      "0": {
        "name": "validateCard",
        "decl": {
          "start": { "line": 22, "column": 16 },
          "end": { "line": 22, "column": 28 }
        },
        "loc": {
          "start": { "line": 22, "column": 45 },
          "end": { "line": 61, "column": 1 }
        }
      }
    },
    "branchMap": {
      "0": {
        "loc": {
          "start": { "line": 26, "column": 2 },
          "end": { "line": 34, "column": 3 }
        },
        "type": "if",
        "locations": [
          {
            "start": { "line": 26, "column": 2 },
            "end": { "line": 34, "column": 3 }
          }
        ]
      },
      "1": {
        "loc": {
          "start": { "line": 39, "column": 2 },
          "end": { "line": 47, "column": 3 }
        },
        "type": "if",
        "locations": [
          {
            "start": { "line": 39, "column": 2 },
            "end": { "line": 47, "column": 3 }
          }
        ]
      },
      "2": {
        "loc": {
          "start": { "line": 39, "column": 6 },
          "end": { "line": 39, "column": 32 }
        },
        "type": "binary-expr",
        "locations": [
          {
            "start": { "line": 39, "column": 6 },
            "end": { "line": 39, "column": 17 }
          },
          {
            "start": { "line": 39, "column": 21 },
            "end": { "line": 39, "column": 32 }
          }
        ]
      },
      "3": {
        "loc": {
          "start": { "line": 57, "column": 13 },
          "end": { "line": 59, "column": 105 }
        },
        "type": "cond-expr",
        "locations": [
          {
            "start": { "line": 58, "column": 8 },
            "end": { "line": 58, "column": 31 }
          },
          {
            "start": { "line": 59, "column": 8 },
            "end": { "line": 59, "column": 105 }
          }
        ]
      }
    },
    "s": {
      "0": 2,
      "1": 2,
      "2": 2,
      "3": 2,
      "4": 2,
      "5": 14,
      "6": 14,
      "7": 3,
      "8": 11,
      "9": 11,
      "10": 3,
      "11": 8,
      "12": 8,
      "13": 8
    },
    "f": { "0": 14 },
    "b": { "0": [3], "1": [3], "2": [11, 10], "3": [6, 2] }
  },
  "/Users/user/Projects/card-validator-api/src/utils/detect.ts": {
    "path": "/Users/user/Projects/card-validator-api/src/utils/detect.ts",
    "statementMap": {
      "0": {
        "start": { "line": 23, "column": 0 },
        "end": { "line": 23, "column": 16 }
      },
      "1": {
        "start": { "line": 8, "column": 46 },
        "end": { "line": 17, "column": 2 }
      },
      "2": {
        "start": { "line": 24, "column": 2 },
        "end": { "line": 26, "column": 3 }
      },
      "3": {
        "start": { "line": 25, "column": 4 },
        "end": { "line": 25, "column": 45 }
      },
      "4": {
        "start": { "line": 25, "column": 30 },
        "end": { "line": 25, "column": 45 }
      },
      "5": {
        "start": { "line": 27, "column": 2 },
        "end": { "line": 27, "column": 14 }
      }
    },
    "fnMap": {
      "0": {
        "name": "detectCardType",
        "decl": {
          "start": { "line": 23, "column": 16 },
          "end": { "line": 23, "column": 30 }
        },
        "loc": {
          "start": { "line": 23, "column": 45 },
          "end": { "line": 28, "column": 1 }
        }
      }
    },
    "branchMap": {
      "0": {
        "loc": {
          "start": { "line": 25, "column": 4 },
          "end": { "line": 25, "column": 45 }
        },
        "type": "if",
        "locations": [
          {
            "start": { "line": 25, "column": 4 },
            "end": { "line": 25, "column": 45 }
          }
        ]
      }
    },
    "s": { "0": 2, "1": 2, "2": 14, "3": 27, "4": 13, "5": 1 },
    "f": { "0": 14 },
    "b": { "0": [13] }
  },
  "/Users/user/Projects/card-validator-api/src/utils/luhn.ts": {
    "path": "/Users/user/Projects/card-validator-api/src/utils/luhn.ts",
    "statementMap": {
      "0": {
        "start": { "line": 16, "column": 0 },
        "end": { "line": 16, "column": 16 }
      },
      "1": {
        "start": { "line": 17, "column": 12 },
        "end": { "line": 17, "column": 13 }
      },
      "2": {
        "start": { "line": 18, "column": 21 },
        "end": { "line": 18, "column": 26 }
      },
      "3": {
        "start": { "line": 21, "column": 2 },
        "end": { "line": 32, "column": 3 }
      },
      "4": {
        "start": { "line": 21, "column": 15 },
        "end": { "line": 21, "column": 32 }
      },
      "5": {
        "start": { "line": 23, "column": 16 },
        "end": { "line": 23, "column": 41 }
      },
      "6": {
        "start": { "line": 25, "column": 4 },
        "end": { "line": 28, "column": 5 }
      },
      "7": {
        "start": { "line": 26, "column": 6 },
        "end": { "line": 26, "column": 17 }
      },
      "8": {
        "start": { "line": 27, "column": 6 },
        "end": { "line": 27, "column": 32 }
      },
      "9": {
        "start": { "line": 27, "column": 21 },
        "end": { "line": 27, "column": 32 }
      },
      "10": {
        "start": { "line": 30, "column": 4 },
        "end": { "line": 30, "column": 17 }
      },
      "11": {
        "start": { "line": 31, "column": 4 },
        "end": { "line": 31, "column": 33 }
      },
      "12": {
        "start": { "line": 34, "column": 2 },
        "end": { "line": 34, "column": 24 }
      }
    },
    "fnMap": {
      "0": {
        "name": "isValidLuhn",
        "decl": {
          "start": { "line": 16, "column": 16 },
          "end": { "line": 16, "column": 27 }
        },
        "loc": {
          "start": { "line": 16, "column": 42 },
          "end": { "line": 35, "column": 1 }
        }
      }
    },
    "branchMap": {
      "0": {
        "loc": {
          "start": { "line": 25, "column": 4 },
          "end": { "line": 28, "column": 5 }
        },
        "type": "if",
        "locations": [
          {
            "start": { "line": 25, "column": 4 },
            "end": { "line": 28, "column": 5 }
          }
        ]
      },
      "1": {
        "loc": {
          "start": { "line": 27, "column": 6 },
          "end": { "line": 27, "column": 32 }
        },
        "type": "if",
        "locations": [
          {
            "start": { "line": 27, "column": 6 },
            "end": { "line": 27, "column": 32 }
          }
        ]
      }
    },
    "s": {
      "0": 2,
      "1": 17,
      "2": 17,
      "3": 17,
      "4": 17,
      "5": 254,
      "6": 254,
      "7": 126,
      "8": 126,
      "9": 15,
      "10": 254,
      "11": 254,
      "12": 17
    },
    "f": { "0": 17 },
    "b": { "0": [126], "1": [15] }
  }
}
