{"/Users/user/Projects/card-validator-api/src/app.ts": {"path":"/Users/user/Projects/card-validator-api/src/app.ts","statementMap":{"0":{"start":{"line":1,"column":0},"end":{"line":1,"column":30}},"1":{"start":{"line":2,"column":0},"end":{"line":2,"column":62}},"2":{"start":{"line":3,"column":0},"end":{"line":3,"column":46}},"3":{"start":{"line":5,"column":12},"end":{"line":5,"column":21}},"4":{"start":{"line":7,"column":0},"end":{"line":7,"column":24}},"5":{"start":{"line":8,"column":0},"end":{"line":8,"column":22}},"6":{"start":{"line":9,"column":0},"end":{"line":9,"column":37}},"7":{"start":{"line":11,"column":0},"end":{"line":13,"column":3}},"8":{"start":{"line":12,"column":2},"end":{"line":12,"column":41}},"9":{"start":{"line":15,"column":0},"end":{"line":15,"column":19}}},"fnMap":{"0":{"name":"(anonymous_1)","decl":{"start":{"line":11,"column":26},"end":{"line":11,"column":27}},"loc":{"start":{"line":11,"column":39},"end":{"line":13,"column":1}}}},"branchMap":{},"s":{"0":1,"1":1,"2":1,"3":1,"4":1,"5":1,"6":1,"7":1,"8":1,"9":1},"f":{"0":1},"b":{}}
,"/Users/user/Projects/card-validator-api/src/controllers/card.controller.ts": {"path":"/Users/user/Projects/card-validator-api/src/controllers/card.controller.ts","statementMap":{"0":{"start":{"line":1,"column":0},"end":{"line":1,"column":52}},"1":{"start":{"line":2,"column":0},"end":{"line":2,"column":56}},"2":{"start":{"line":5,"column":15},"end":{"line":5,"column":23}},"3":{"start":{"line":20,"column":36},"end":{"line":67,"column":1}},"4":{"start":{"line":21,"column":15},"end":{"line":21,"column":50}},"5":{"start":{"line":24,"column":2},"end":{"line":34,"column":3}},"6":{"start":{"line":25,"column":43},"end":{"line":31,"column":6}},"7":{"start":{"line":32,"column":4},"end":{"line":32,"column":35}},"8":{"start":{"line":33,"column":4},"end":{"line":33,"column":11}},"9":{"start":{"line":36,"column":25},"end":{"line":36,"column":29}},"10":{"start":{"line":39,"column":2},"end":{"line":49,"column":3}},"11":{"start":{"line":40,"column":43},"end":{"line":46,"column":6}},"12":{"start":{"line":47,"column":4},"end":{"line":47,"column":35}},"13":{"start":{"line":48,"column":4},"end":{"line":48,"column":11}},"14":{"start":{"line":51,"column":17},"end":{"line":51,"column":41}},"15":{"start":{"line":53,"column":41},"end":{"line":61,"column":4}},"16":{"start":{"line":66,"column":2},"end":{"line":66,"column":33}},"17":{"start":{"line":20,"column":13},"end":{"line":20,"column":36}},"18":{"start":{"line":69,"column":0},"end":{"line":69,"column":22}}},"fnMap":{"0":{"name":"(anonymous_0)","decl":{"start":{"line":20,"column":36},"end":{"line":20,"column":37}},"loc":{"start":{"line":20,"column":74},"end":{"line":67,"column":1}}}},"branchMap":{"0":{"loc":{"start":{"line":24,"column":2},"end":{"line":34,"column":3}},"type":"if","locations":[{"start":{"line":24,"column":2},"end":{"line":34,"column":3}}]},"1":{"loc":{"start":{"line":24,"column":6},"end":{"line":24,"column":38}},"type":"binary-expr","locations":[{"start":{"line":24,"column":6},"end":{"line":24,"column":11}},{"start":{"line":24,"column":15},"end":{"line":24,"column":38}}]},"2":{"loc":{"start":{"line":39,"column":2},"end":{"line":49,"column":3}},"type":"if","locations":[{"start":{"line":39,"column":2},"end":{"line":49,"column":3}}]},"3":{"loc":{"start":{"line":39,"column":6},"end":{"line":39,"column":64}},"type":"binary-expr","locations":[{"start":{"line":39,"column":6},"end":{"line":39,"column":36}},{"start":{"line":39,"column":40},"end":{"line":39,"column":64}}]}},"s":{"0":1,"1":1,"2":1,"3":1,"4":11,"5":11,"6":2,"7":2,"8":2,"9":9,"10":9,"11":3,"12":3,"13":3,"14":6,"15":6,"16":6,"17":1,"18":1},"f":{"0":11},"b":{"0":[2],"1":[11,11],"2":[3],"3":[9,7]}}
,"/Users/user/Projects/card-validator-api/src/middlewares/error.middleware.ts": {"path":"/Users/user/Projects/card-validator-api/src/middlewares/error.middleware.ts","statementMap":{"0":{"start":{"line":5,"column":28},"end":{"line":13,"column":1}},"1":{"start":{"line":6,"column":2},"end":{"line":12,"column":5}},"2":{"start":{"line":5,"column":13},"end":{"line":5,"column":28}}},"fnMap":{"0":{"name":"(anonymous_0)","decl":{"start":{"line":5,"column":28},"end":{"line":5,"column":29}},"loc":{"start":{"line":5,"column":92},"end":{"line":13,"column":1}}}},"branchMap":{},"s":{"0":1,"1":0,"2":1},"f":{"0":0},"b":{}}
,"/Users/user/Projects/card-validator-api/src/routes/card.routes.ts": {"path":"/Users/user/Projects/card-validator-api/src/routes/card.routes.ts","statementMap":{"0":{"start":{"line":1,"column":0},"end":{"line":1,"column":33}},"1":{"start":{"line":2,"column":0},"end":{"line":2,"column":70}},"2":{"start":{"line":4,"column":15},"end":{"line":4,"column":23}},"3":{"start":{"line":6,"column":0},"end":{"line":6,"column":47}},"4":{"start":{"line":8,"column":0},"end":{"line":8,"column":22}}},"fnMap":{},"branchMap":{},"s":{"0":1,"1":1,"2":1,"3":1,"4":1},"f":{},"b":{}}
,"/Users/user/Projects/card-validator-api/src/services/card.service.ts": {"path":"/Users/user/Projects/card-validator-api/src/services/card.service.ts","statementMap":{"0":{"start":{"line":19,"column":0},"end":{"line":19,"column":16}},"1":{"start":{"line":15,"column":0},"end":{"line":15,"column":44}},"2":{"start":{"line":16,"column":0},"end":{"line":16,"column":49}},"3":{"start":{"line":20,"column":20},"end":{"line":20,"column":50}},"4":{"start":{"line":23,"column":2},"end":{"line":31,"column":3}},"5":{"start":{"line":24,"column":4},"end":{"line":30,"column":6}},"6":{"start":{"line":33,"column":17},"end":{"line":33,"column":33}},"7":{"start":{"line":36,"column":2},"end":{"line":44,"column":3}},"8":{"start":{"line":37,"column":4},"end":{"line":43,"column":6}},"9":{"start":{"line":46,"column":21},"end":{"line":46,"column":43}},"10":{"start":{"line":47,"column":19},"end":{"line":47,"column":44}},"11":{"start":{"line":49,"column":2},"end":{"line":57,"column":4}}},"fnMap":{"0":{"name":"validateCard","decl":{"start":{"line":19,"column":16},"end":{"line":19,"column":28}},"loc":{"start":{"line":19,"column":45},"end":{"line":58,"column":1}}}},"branchMap":{"0":{"loc":{"start":{"line":23,"column":2},"end":{"line":31,"column":3}},"type":"if","locations":[{"start":{"line":23,"column":2},"end":{"line":31,"column":3}}]},"1":{"loc":{"start":{"line":36,"column":2},"end":{"line":44,"column":3}},"type":"if","locations":[{"start":{"line":36,"column":2},"end":{"line":44,"column":3}}]},"2":{"loc":{"start":{"line":36,"column":6},"end":{"line":36,"column":32}},"type":"binary-expr","locations":[{"start":{"line":36,"column":6},"end":{"line":36,"column":17}},{"start":{"line":36,"column":21},"end":{"line":36,"column":32}}]},"3":{"loc":{"start":{"line":54,"column":13},"end":{"line":56,"column":105}},"type":"cond-expr","locations":[{"start":{"line":55,"column":8},"end":{"line":55,"column":31}},{"start":{"line":56,"column":8},"end":{"line":56,"column":105}}]}},"s":{"0":2,"1":2,"2":2,"3":14,"4":14,"5":3,"6":11,"7":11,"8":3,"9":8,"10":8,"11":8},"f":{"0":14},"b":{"0":[3],"1":[3],"2":[11,10],"3":[6,2]}}
,"/Users/user/Projects/card-validator-api/src/utils/detect.ts": {"path":"/Users/user/Projects/card-validator-api/src/utils/detect.ts","statementMap":{"0":{"start":{"line":23,"column":0},"end":{"line":23,"column":16}},"1":{"start":{"line":8,"column":46},"end":{"line":17,"column":2}},"2":{"start":{"line":24,"column":2},"end":{"line":26,"column":3}},"3":{"start":{"line":25,"column":4},"end":{"line":25,"column":45}},"4":{"start":{"line":25,"column":30},"end":{"line":25,"column":45}},"5":{"start":{"line":27,"column":2},"end":{"line":27,"column":14}}},"fnMap":{"0":{"name":"detectCardType","decl":{"start":{"line":23,"column":16},"end":{"line":23,"column":30}},"loc":{"start":{"line":23,"column":45},"end":{"line":28,"column":1}}}},"branchMap":{"0":{"loc":{"start":{"line":25,"column":4},"end":{"line":25,"column":45}},"type":"if","locations":[{"start":{"line":25,"column":4},"end":{"line":25,"column":45}}]}},"s":{"0":2,"1":2,"2":14,"3":27,"4":13,"5":1},"f":{"0":14},"b":{"0":[13]}}
,"/Users/user/Projects/card-validator-api/src/utils/luhn.ts": {"path":"/Users/user/Projects/card-validator-api/src/utils/luhn.ts","statementMap":{"0":{"start":{"line":16,"column":0},"end":{"line":16,"column":16}},"1":{"start":{"line":17,"column":12},"end":{"line":17,"column":13}},"2":{"start":{"line":18,"column":21},"end":{"line":18,"column":26}},"3":{"start":{"line":21,"column":2},"end":{"line":31,"column":3}},"4":{"start":{"line":21,"column":15},"end":{"line":21,"column":32}},"5":{"start":{"line":22,"column":16},"end":{"line":22,"column":40}},"6":{"start":{"line":24,"column":4},"end":{"line":27,"column":5}},"7":{"start":{"line":25,"column":6},"end":{"line":25,"column":17}},"8":{"start":{"line":26,"column":6},"end":{"line":26,"column":32}},"9":{"start":{"line":26,"column":21},"end":{"line":26,"column":32}},"10":{"start":{"line":29,"column":4},"end":{"line":29,"column":17}},"11":{"start":{"line":30,"column":4},"end":{"line":30,"column":33}},"12":{"start":{"line":33,"column":2},"end":{"line":33,"column":24}}},"fnMap":{"0":{"name":"isValidLuhn","decl":{"start":{"line":16,"column":16},"end":{"line":16,"column":27}},"loc":{"start":{"line":16,"column":42},"end":{"line":34,"column":1}}}},"branchMap":{"0":{"loc":{"start":{"line":24,"column":4},"end":{"line":27,"column":5}},"type":"if","locations":[{"start":{"line":24,"column":4},"end":{"line":27,"column":5}}]},"1":{"loc":{"start":{"line":26,"column":6},"end":{"line":26,"column":32}},"type":"if","locations":[{"start":{"line":26,"column":6},"end":{"line":26,"column":32}}]}},"s":{"0":2,"1":17,"2":17,"3":17,"4":17,"5":254,"6":254,"7":126,"8":126,"9":15,"10":254,"11":254,"12":17},"f":{"0":17},"b":{"0":[126],"1":[15]}}
}
