TN:
SF:src/app.ts
FN:10,(anonymous_1)
FNF:1
FNH:1
FNDA:1,(anonymous_1)
DA:1,1
DA:2,1
DA:3,1
DA:5,1
DA:7,1
DA:8,1
DA:10,1
DA:11,1
DA:14,1
DA:16,1
DA:18,1
LF:11
LH:11
BRF:0
BRH:0
end_of_record
TN:
SF:src/controllers/card.controller.ts
FN:18,(anonymous_0)
FNF:1
FNH:1
FNDA:11,(anonymous_0)
DA:2,1
DA:18,1
DA:19,11
DA:22,11
DA:23,2
DA:30,2
DA:31,2
DA:34,9
DA:37,9
DA:38,3
DA:45,3
DA:46,3
DA:49,6
DA:51,6
DA:64,6
LF:15
LH:15
BRDA:22,0,0,2
BRDA:22,1,0,11
BRDA:22,1,1,11
BRDA:37,2,0,3
BRDA:37,3,0,9
BRDA:37,3,1,7
BRF:6
BRH:6
end_of_record
TN:
SF:src/middlewares/error.middleware.ts
FN:5,(anonymous_0)
FN:30,(anonymous_1)
FNF:2
FNH:1
FNDA:0,(anonymous_0)
FNDA:1,(anonymous_1)
DA:5,1
DA:6,0
DA:9,0
DA:10,0
DA:20,0
DA:30,1
DA:31,1
LF:7
LH:3
BRDA:9,0,0,0
BRF:1
BRH:0
end_of_record
TN:
SF:src/routes/card.routes.ts
FNF:0
FNH:0
DA:1,1
DA:2,1
DA:4,1
DA:6,1
DA:8,1
LF:5
LH:5
BRF:0
BRH:0
end_of_record
TN:
SF:src/services/card.service.ts
FN:22,validateCard
FNF:1
FNH:1
FNDA:14,validateCard
DA:15,2
DA:16,2
DA:19,2
DA:20,2
DA:22,2
DA:23,14
DA:26,14
DA:27,3
DA:36,11
DA:39,11
DA:40,3
DA:49,8
DA:50,8
DA:52,8
LF:14
LH:14
BRDA:26,0,0,3
BRDA:39,1,0,3
BRDA:39,2,0,11
BRDA:39,2,1,10
BRDA:57,3,0,6
BRDA:57,3,1,2
BRF:6
BRH:6
end_of_record
TN:
SF:src/utils/detect.ts
FN:23,detectCardType
FNF:1
FNH:1
FNDA:14,detectCardType
DA:8,2
DA:23,2
DA:24,14
DA:25,27
DA:27,1
LF:5
LH:5
BRDA:25,0,0,13
BRF:1
BRH:1
end_of_record
TN:
SF:src/utils/luhn.ts
FN:16,isValidLuhn
FNF:1
FNH:1
FNDA:17,isValidLuhn
DA:16,2
DA:17,17
DA:18,17
DA:21,17
DA:23,254
DA:25,254
DA:26,126
DA:27,126
DA:30,254
DA:31,254
DA:34,17
LF:11
LH:11
BRDA:25,0,0,126
BRDA:27,1,0,15
BRF:2
BRH:2
end_of_record
