TN:
SF:src/app.ts
FN:11,(anonymous_1)
FNF:1
FNH:1
FNDA:1,(anonymous_1)
DA:1,1
DA:2,1
DA:3,1
DA:5,1
DA:7,1
DA:8,1
DA:9,1
DA:11,1
DA:12,1
DA:15,1
LF:10
LH:10
BRF:0
BRH:0
end_of_record
TN:
SF:src/controllers/card.controller.ts
FN:20,(anonymous_0)
FNF:1
FNH:1
FNDA:11,(anonymous_0)
DA:1,1
DA:2,1
DA:5,1
DA:20,1
DA:21,11
DA:24,11
DA:25,2
DA:32,2
DA:33,2
DA:36,9
DA:39,9
DA:40,3
DA:47,3
DA:48,3
DA:51,6
DA:53,6
DA:66,6
DA:69,1
LF:18
LH:18
BRDA:24,0,0,2
BRDA:24,1,0,11
BRDA:24,1,1,11
BRDA:39,2,0,3
BRDA:39,3,0,9
BRDA:39,3,1,7
BRF:6
BRH:6
end_of_record
TN:
SF:src/middlewares/error.middleware.ts
FN:5,(anonymous_0)
FNF:1
FNH:0
FNDA:0,(anonymous_0)
DA:5,1
DA:6,0
LF:2
LH:1
BRF:0
BRH:0
end_of_record
TN:
SF:src/routes/card.routes.ts
FNF:0
FNH:0
DA:1,1
DA:2,1
DA:4,1
DA:6,1
DA:8,1
LF:5
LH:5
BRF:0
BRH:0
end_of_record
TN:
SF:src/services/card.service.ts
FN:19,validateCard
FNF:1
FNH:1
FNDA:14,validateCard
DA:15,2
DA:16,2
DA:19,2
DA:20,14
DA:23,14
DA:24,3
DA:33,11
DA:36,11
DA:37,3
DA:46,8
DA:47,8
DA:49,8
LF:12
LH:12
BRDA:23,0,0,3
BRDA:36,1,0,3
BRDA:36,2,0,11
BRDA:36,2,1,10
BRDA:54,3,0,6
BRDA:54,3,1,2
BRF:6
BRH:6
end_of_record
TN:
SF:src/utils/detect.ts
FN:23,detectCardType
FNF:1
FNH:1
FNDA:14,detectCardType
DA:8,2
DA:23,2
DA:24,14
DA:25,27
DA:27,1
LF:5
LH:5
BRDA:25,0,0,13
BRF:1
BRH:1
end_of_record
TN:
SF:src/utils/luhn.ts
FN:16,isValidLuhn
FNF:1
FNH:1
FNDA:17,isValidLuhn
DA:16,2
DA:17,17
DA:18,17
DA:21,17
DA:22,254
DA:24,254
DA:25,126
DA:26,126
DA:29,254
DA:30,254
DA:33,17
LF:11
LH:11
BRDA:24,0,0,126
BRDA:26,1,0,15
BRF:2
BRH:2
end_of_record
